-------------------------------------------------------------------------------
Test set: testng.tests.Tests
-------------------------------------------------------------------------------
Tests run: 5, Failures: 4, Errors: 0, Skipped: 0, Time elapsed: 0.497 sec <<< FAILURE! - in testng.tests.Tests
test2(testng.tests.Tests)  Time elapsed: 0.007 sec  <<< FAILURE!
junit.framework.AssertionFailedError: null
	at junit.framework.Assert.fail(Assert.java:48)
	at junit.framework.Assert.assertTrue(Assert.java:20)
	at junit.framework.Assert.assertTrue(Assert.java:27)
	at testng.tests.Tests.test2(Tests.java:54)

test2(testng.tests.Tests)  Time elapsed: 0.001 sec  <<< FAILURE!
junit.framework.AssertionFailedError: null
	at junit.framework.Assert.fail(Assert.java:48)
	at junit.framework.Assert.assertTrue(Assert.java:20)
	at junit.framework.Assert.assertTrue(Assert.java:27)
	at testng.tests.Tests.test2(Tests.java:54)

test2(testng.tests.Tests)  Time elapsed: 0.001 sec  <<< FAILURE!
junit.framework.AssertionFailedError: null
	at junit.framework.Assert.fail(Assert.java:48)
	at junit.framework.Assert.assertTrue(Assert.java:20)
	at junit.framework.Assert.assertTrue(Assert.java:27)
	at testng.tests.Tests.test2(Tests.java:54)

test2(testng.tests.Tests)  Time elapsed: 0.001 sec  <<< FAILURE!
junit.framework.AssertionFailedError: null
	at junit.framework.Assert.fail(Assert.java:48)
	at junit.framework.Assert.assertTrue(Assert.java:20)
	at junit.framework.Assert.assertTrue(Assert.java:27)
	at testng.tests.Tests.test2(Tests.java:54)

