<?xml version="1.0" encoding="UTF-8"?>
<testng-results skipped="0" failed="1" total="2" passed="1">
  <reporter-output>
  </reporter-output>
  <suite name="testng.tests.Tests" duration-ms="30" started-at="2015-04-27T18:06:57Z" finished-at="2015-04-27T18:06:57Z">
    <groups>
    </groups>
    <test name="Command line test" duration-ms="30" started-at="2015-04-27T18:06:57Z" finished-at="2015-04-27T18:06:57Z">
      <class name="testng.tests.Tests">
        <test-method status="PASS" signature="setUpClass()[pri:0, instance:testng.tests.Tests@b2b9ec]" name="setUpClass" is-config="true" duration-ms="9" started-at="2015-04-27T22:06:57Z" finished-at="2015-04-27T22:06:57Z">
          <reporter-output>
          </reporter-output>
        </test-method> <!-- setUpClass -->
        <test-method status="PASS" signature="test1()[pri:0, instance:testng.tests.Tests@b2b9ec]" name="test1" duration-ms="3" started-at="2015-04-27T22:06:57Z" finished-at="2015-04-27T22:06:57Z">
          <reporter-output>
          </reporter-output>
        </test-method> <!-- test1 -->
        <test-method status="PASS" signature="setUpMethod()[pri:0, instance:testng.tests.Tests@b2b9ec]" name="setUpMethod" is-config="true" duration-ms="0" started-at="2015-04-27T22:06:57Z" finished-at="2015-04-27T22:06:57Z">
          <reporter-output>
          </reporter-output>
        </test-method> <!-- setUpMethod -->
        <test-method status="PASS" signature="tearDownMethod()[pri:0, instance:testng.tests.Tests@b2b9ec]" name="tearDownMethod" is-config="true" duration-ms="1" started-at="2015-04-27T22:06:57Z" finished-at="2015-04-27T22:06:57Z">
          <reporter-output>
          </reporter-output>
        </test-method> <!-- tearDownMethod -->
        <test-method status="PASS" signature="setUpMethod()[pri:0, instance:testng.tests.Tests@b2b9ec]" name="setUpMethod" is-config="true" duration-ms="1" started-at="2015-04-27T22:06:57Z" finished-at="2015-04-27T22:06:57Z">
          <reporter-output>
          </reporter-output>
        </test-method> <!-- setUpMethod -->
        <test-method status="FAIL" signature="test2()[pri:0, instance:testng.tests.Tests@b2b9ec]" name="test2" duration-ms="0" started-at="2015-04-27T22:06:57Z" finished-at="2015-04-27T22:06:57Z">
          <exception class="junit.framework.AssertionFailedError">
            <full-stacktrace>
              <![CDATA[junit.framework.AssertionFailedError
	at junit.framework.Assert.fail(Assert.java:48)
	at junit.framework.Assert.assertTrue(Assert.java:20)
	at junit.framework.Assert.assertTrue(Assert.java:27)
	at testng.tests.Tests.test2(Tests.java:54)
	at sun.reflect.NativeMethodAccessorImpl.invoke0(Native Method)
	at sun.reflect.NativeMethodAccessorImpl.invoke(NativeMethodAccessorImpl.java:57)
	at sun.reflect.DelegatingMethodAccessorImpl.invoke(DelegatingMethodAccessorImpl.java:43)
	at java.lang.reflect.Method.invoke(Method.java:606)
	at org.testng.internal.MethodInvocationHelper.invokeMethod(MethodInvocationHelper.java:84)
	at org.testng.internal.Invoker.invokeMethod(Invoker.java:714)
	at org.testng.internal.Invoker.invokeTestMethod(Invoker.java:901)
	at org.testng.internal.Invoker.invokeTestMethods(Invoker.java:1231)
	at org.testng.internal.TestMethodWorker.invokeTestMethods(TestMethodWorker.java:127)
	at org.testng.internal.TestMethodWorker.run(TestMethodWorker.java:111)
	at org.testng.TestRunner.privateRun(TestRunner.java:767)
	at org.testng.TestRunner.run(TestRunner.java:617)
	at org.testng.SuiteRunner.runTest(SuiteRunner.java:334)
	at org.testng.SuiteRunner.runSequentially(SuiteRunner.java:329)
	at org.testng.SuiteRunner.privateRun(SuiteRunner.java:291)
	at org.testng.SuiteRunner.run(SuiteRunner.java:240)
	at org.testng.SuiteRunnerWorker.runSuite(SuiteRunnerWorker.java:52)
	at org.testng.SuiteRunnerWorker.run(SuiteRunnerWorker.java:86)
	at org.testng.TestNG.runSuitesSequentially(TestNG.java:1224)
	at org.testng.TestNG.runSuitesLocally(TestNG.java:1149)
	at org.testng.TestNG.run(TestNG.java:1057)
	at org.apache.maven.surefire.testng.TestNGExecutor.run(TestNGExecutor.java:70)
	at org.apache.maven.surefire.testng.TestNGDirectoryTestSuite.execute(TestNGDirectoryTestSuite.java:109)
	at org.apache.maven.surefire.testng.TestNGProvider.invoke(TestNGProvider.java:111)
	at sun.reflect.NativeMethodAccessorImpl.invoke0(Native Method)
	at sun.reflect.NativeMethodAccessorImpl.invoke(NativeMethodAccessorImpl.java:57)
	at sun.reflect.DelegatingMethodAccessorImpl.invoke(DelegatingMethodAccessorImpl.java:43)
	at java.lang.reflect.Method.invoke(Method.java:606)
	at org.apache.maven.surefire.util.ReflectionUtils.invokeMethodWithArray(ReflectionUtils.java:164)
	at org.apache.maven.surefire.booter.ProviderFactory$ProviderProxy.invoke(ProviderFactory.java:110)
	at org.apache.maven.surefire.booter.SurefireStarter.invokeProvider(SurefireStarter.java:175)
	at org.apache.maven.surefire.booter.SurefireStarter.runSuitesInProcessWhenForked(SurefireStarter.java:107)
	at org.apache.maven.surefire.booter.ForkedBooter.main(ForkedBooter.java:68)
]]>
            </full-stacktrace>
          </exception> <!-- junit.framework.AssertionFailedError -->
          <reporter-output>
          </reporter-output>
        </test-method> <!-- test2 -->
        <test-method status="PASS" signature="tearDownClass()[pri:0, instance:testng.tests.Tests@b2b9ec]" name="tearDownClass" is-config="true" duration-ms="1" started-at="2015-04-27T22:06:57Z" finished-at="2015-04-27T22:06:57Z">
          <reporter-output>
          </reporter-output>
        </test-method> <!-- tearDownClass -->
        <test-method status="PASS" signature="tearDownMethod()[pri:0, instance:testng.tests.Tests@b2b9ec]" name="tearDownMethod" is-config="true" duration-ms="0" started-at="2015-04-27T22:06:57Z" finished-at="2015-04-27T22:06:57Z">
          <reporter-output>
          </reporter-output>
        </test-method> <!-- tearDownMethod -->
      </class> <!-- testng.tests.Tests -->
    </test> <!-- Command line test -->
  </suite> <!-- testng.tests.Tests -->
</testng-results>
