<?xml version="1.0" encoding="UTF-8"?>
<!-- Generated by org.testng.reporters.JUnitXMLReporter -->
<testsuite hostname="tigran-Latitude-E6410" name="Command line test" tests="2" failures="1" timestamp="27 Apr 2015 21:45:31 GMT" time="0.029" errors="0">
  <testcase name="test1" time="0.003" classname="testng.tests.Tests"/>
  <testcase name="test2" time="0.001" classname="testng.tests.Tests">
    <failure type="junit.framework.AssertionFailedError">
      <![CDATA[junit.framework.AssertionFailedError
	at junit.framework.Assert.fail(Assert.java:48)
	at junit.framework.Assert.assertTrue(Assert.java:20)
	at junit.framework.Assert.assertTrue(Assert.java:27)
	at testng.tests.Tests.test2(Tests.java:54)
... Removed 33 stack frames]]>
    </failure>
  </testcase> <!-- test2 -->
</testsuite> <!-- Command line test -->
